<?xml version="1.0" encoding="UTF-8"?>
<!-- Generated by org.testng.reporters.JUnitXMLReporter -->
<testsuite hostname="DESKTOP-7E96186" ignored="0" name="Surefire test" tests="4" failures="0" timestamp="30 Jul 2019 03:24:59 GMT" time="0.073" errors="0">
  <testcase name="Div" time="0.026" classname="POM.QAM.Demo.DemoTest"/>
  <testcase name="Multi" time="0.001" classname="POM.QAM.Demo.DemoTest"/>
  <testcase name="Sub" time="0.0" classname="POM.QAM.Demo.DemoTest"/>
  <testcase name="add" time="0.0" classname="POM.QAM.Demo.DemoTest"/>
</testsuite> <!-- Surefire test -->
